<?xml version="1.0" encoding="UTF-8"?>
<!-- Generated by org.testng.reporters.JUnitReportReporter -->
<testsuite hostname="DESKTOP-Q7FBNO4" failures="0" tests="1" name="com.sep.Main.ProjectApi" time="1.430" errors="0" timestamp="2024-11-13T22:30:18 PST" skipped="0">
  <testcase classname="com.sep.Main.ProjectApi" name="testCreateRepositoryWithExistingName" time="1.430"/>
  <system-out/>
</testsuite> <!-- com.sep.Main.ProjectApi -->
